CRITICAL - 2022-02-13 22:51:16 --> Undefined variable: session
#0 C:\xampp\htdocs\dubai_app\app\Views\backend\base.php(144): CodeIgniter\Debug\Exceptions->errorHandler(8, 'Undefined varia...', 'C:\\xampp\\htdocs...', 144, Array)
#1 C:\xampp\htdocs\dubai_app\system\View\View.php(210): include('C:\\xampp\\htdocs...')
#2 C:\xampp\htdocs\dubai_app\system\View\View.php(213): CodeIgniter\View\View->CodeIgniter\View\{closure}()
#3 C:\xampp\htdocs\dubai_app\system\View\View.php(226): CodeIgniter\View\View->render('backend/base', Array, true)
#4 C:\xampp\htdocs\dubai_app\system\Common.php(1089): CodeIgniter\View\View->render('auth/profile', Array, true)
#5 C:\xampp\htdocs\dubai_app\app\Controllers\Auth.php(80): view('auth/profile')
#6 C:\xampp\htdocs\dubai_app\system\CodeIgniter.php(825): App\Controllers\Auth->profile()
#7 C:\xampp\htdocs\dubai_app\system\CodeIgniter.php(412): CodeIgniter\CodeIgniter->runController(Object(App\Controllers\Auth))
#8 C:\xampp\htdocs\dubai_app\system\CodeIgniter.php(320): CodeIgniter\CodeIgniter->handleRequest(NULL, Object(Config\Cache), false)
#9 C:\xampp\htdocs\dubai_app\index.php(37): CodeIgniter\CodeIgniter->run()
#10 {main}
CRITICAL - 2022-02-13 22:52:14 --> Undefined variable: session
#0 C:\xampp\htdocs\dubai_app\app\Views\auth\login.php(12): CodeIgniter\Debug\Exceptions->errorHandler(8, 'Undefined varia...', 'C:\\xampp\\htdocs...', 12, Array)
#1 C:\xampp\htdocs\dubai_app\system\View\View.php(210): include('C:\\xampp\\htdocs...')
#2 C:\xampp\htdocs\dubai_app\system\View\View.php(213): CodeIgniter\View\View->CodeIgniter\View\{closure}()
#3 C:\xampp\htdocs\dubai_app\system\Common.php(1089): CodeIgniter\View\View->render('auth/login', Array, true)
#4 C:\xampp\htdocs\dubai_app\app\Controllers\Auth.php(29): view('auth/login')
#5 C:\xampp\htdocs\dubai_app\system\CodeIgniter.php(825): App\Controllers\Auth->index()
#6 C:\xampp\htdocs\dubai_app\system\CodeIgniter.php(412): CodeIgniter\CodeIgniter->runController(Object(App\Controllers\Auth))
#7 C:\xampp\htdocs\dubai_app\system\CodeIgniter.php(320): CodeIgniter\CodeIgniter->handleRequest(NULL, Object(Config\Cache), false)
#8 C:\xampp\htdocs\dubai_app\index.php(37): CodeIgniter\CodeIgniter->run()
#9 {main}
CRITICAL - 2022-02-13 22:52:23 --> Undefined variable: session
#0 C:\xampp\htdocs\dubai_app\app\Views\auth\login.php(12): CodeIgniter\Debug\Exceptions->errorHandler(8, 'Undefined varia...', 'C:\\xampp\\htdocs...', 12, Array)
#1 C:\xampp\htdocs\dubai_app\system\View\View.php(210): include('C:\\xampp\\htdocs...')
#2 C:\xampp\htdocs\dubai_app\system\View\View.php(213): CodeIgniter\View\View->CodeIgniter\View\{closure}()
#3 C:\xampp\htdocs\dubai_app\system\Common.php(1089): CodeIgniter\View\View->render('auth/login', Array, true)
#4 C:\xampp\htdocs\dubai_app\app\Controllers\Auth.php(29): view('auth/login')
#5 C:\xampp\htdocs\dubai_app\system\CodeIgniter.php(825): App\Controllers\Auth->index()
#6 C:\xampp\htdocs\dubai_app\system\CodeIgniter.php(412): CodeIgniter\CodeIgniter->runController(Object(App\Controllers\Auth))
#7 C:\xampp\htdocs\dubai_app\system\CodeIgniter.php(320): CodeIgniter\CodeIgniter->handleRequest(NULL, Object(Config\Cache), false)
#8 C:\xampp\htdocs\dubai_app\index.php(37): CodeIgniter\CodeIgniter->run()
#9 {main}
CRITICAL - 2022-02-13 22:52:24 --> Undefined variable: session
#0 C:\xampp\htdocs\dubai_app\app\Views\auth\login.php(12): CodeIgniter\Debug\Exceptions->errorHandler(8, 'Undefined varia...', 'C:\\xampp\\htdocs...', 12, Array)
#1 C:\xampp\htdocs\dubai_app\system\View\View.php(210): include('C:\\xampp\\htdocs...')
#2 C:\xampp\htdocs\dubai_app\system\View\View.php(213): CodeIgniter\View\View->CodeIgniter\View\{closure}()
#3 C:\xampp\htdocs\dubai_app\system\Common.php(1089): CodeIgniter\View\View->render('auth/login', Array, true)
#4 C:\xampp\htdocs\dubai_app\app\Controllers\Auth.php(29): view('auth/login')
#5 C:\xampp\htdocs\dubai_app\system\CodeIgniter.php(825): App\Controllers\Auth->index()
#6 C:\xampp\htdocs\dubai_app\system\CodeIgniter.php(412): CodeIgniter\CodeIgniter->runController(Object(App\Controllers\Auth))
#7 C:\xampp\htdocs\dubai_app\system\CodeIgniter.php(320): CodeIgniter\CodeIgniter->handleRequest(NULL, Object(Config\Cache), false)
#8 C:\xampp\htdocs\dubai_app\index.php(37): CodeIgniter\CodeIgniter->run()
#9 {main}
CRITICAL - 2022-02-13 22:52:27 --> Undefined variable: session
#0 C:\xampp\htdocs\dubai_app\app\Views\auth\login.php(12): CodeIgniter\Debug\Exceptions->errorHandler(8, 'Undefined varia...', 'C:\\xampp\\htdocs...', 12, Array)
#1 C:\xampp\htdocs\dubai_app\system\View\View.php(210): include('C:\\xampp\\htdocs...')
#2 C:\xampp\htdocs\dubai_app\system\View\View.php(213): CodeIgniter\View\View->CodeIgniter\View\{closure}()
#3 C:\xampp\htdocs\dubai_app\system\Common.php(1089): CodeIgniter\View\View->render('auth/login', Array, true)
#4 C:\xampp\htdocs\dubai_app\app\Controllers\Auth.php(29): view('auth/login')
#5 C:\xampp\htdocs\dubai_app\system\CodeIgniter.php(825): App\Controllers\Auth->index()
#6 C:\xampp\htdocs\dubai_app\system\CodeIgniter.php(412): CodeIgniter\CodeIgniter->runController(Object(App\Controllers\Auth))
#7 C:\xampp\htdocs\dubai_app\system\CodeIgniter.php(320): CodeIgniter\CodeIgniter->handleRequest(NULL, Object(Config\Cache), false)
#8 C:\xampp\htdocs\dubai_app\index.php(37): CodeIgniter\CodeIgniter->run()
#9 {main}
CRITICAL - 2022-02-13 22:52:32 --> Undefined variable: session
#0 C:\xampp\htdocs\dubai_app\app\Views\auth\login.php(12): CodeIgniter\Debug\Exceptions->errorHandler(8, 'Undefined varia...', 'C:\\xampp\\htdocs...', 12, Array)
#1 C:\xampp\htdocs\dubai_app\system\View\View.php(210): include('C:\\xampp\\htdocs...')
#2 C:\xampp\htdocs\dubai_app\system\View\View.php(213): CodeIgniter\View\View->CodeIgniter\View\{closure}()
#3 C:\xampp\htdocs\dubai_app\system\Common.php(1089): CodeIgniter\View\View->render('auth/login', Array, true)
#4 C:\xampp\htdocs\dubai_app\app\Controllers\Auth.php(29): view('auth/login')
#5 C:\xampp\htdocs\dubai_app\system\CodeIgniter.php(825): App\Controllers\Auth->index()
#6 C:\xampp\htdocs\dubai_app\system\CodeIgniter.php(412): CodeIgniter\CodeIgniter->runController(Object(App\Controllers\Auth))
#7 C:\xampp\htdocs\dubai_app\system\CodeIgniter.php(320): CodeIgniter\CodeIgniter->handleRequest(NULL, Object(Config\Cache), false)
#8 C:\xampp\htdocs\dubai_app\index.php(37): CodeIgniter\CodeIgniter->run()
#9 {main}
CRITICAL - 2022-02-13 22:52:33 --> Undefined variable: session
#0 C:\xampp\htdocs\dubai_app\app\Views\auth\login.php(12): CodeIgniter\Debug\Exceptions->errorHandler(8, 'Undefined varia...', 'C:\\xampp\\htdocs...', 12, Array)
#1 C:\xampp\htdocs\dubai_app\system\View\View.php(210): include('C:\\xampp\\htdocs...')
#2 C:\xampp\htdocs\dubai_app\system\View\View.php(213): CodeIgniter\View\View->CodeIgniter\View\{closure}()
#3 C:\xampp\htdocs\dubai_app\system\Common.php(1089): CodeIgniter\View\View->render('auth/login', Array, true)
#4 C:\xampp\htdocs\dubai_app\app\Controllers\Auth.php(29): view('auth/login')
#5 C:\xampp\htdocs\dubai_app\system\CodeIgniter.php(825): App\Controllers\Auth->index()
#6 C:\xampp\htdocs\dubai_app\system\CodeIgniter.php(412): CodeIgniter\CodeIgniter->runController(Object(App\Controllers\Auth))
#7 C:\xampp\htdocs\dubai_app\system\CodeIgniter.php(320): CodeIgniter\CodeIgniter->handleRequest(NULL, Object(Config\Cache), false)
#8 C:\xampp\htdocs\dubai_app\index.php(37): CodeIgniter\CodeIgniter->run()
#9 {main}
CRITICAL - 2022-02-13 22:52:34 --> Undefined variable: session
#0 C:\xampp\htdocs\dubai_app\app\Views\auth\login.php(12): CodeIgniter\Debug\Exceptions->errorHandler(8, 'Undefined varia...', 'C:\\xampp\\htdocs...', 12, Array)
#1 C:\xampp\htdocs\dubai_app\system\View\View.php(210): include('C:\\xampp\\htdocs...')
#2 C:\xampp\htdocs\dubai_app\system\View\View.php(213): CodeIgniter\View\View->CodeIgniter\View\{closure}()
#3 C:\xampp\htdocs\dubai_app\system\Common.php(1089): CodeIgniter\View\View->render('auth/login', Array, true)
#4 C:\xampp\htdocs\dubai_app\app\Controllers\Auth.php(29): view('auth/login')
#5 C:\xampp\htdocs\dubai_app\system\CodeIgniter.php(825): App\Controllers\Auth->index()
#6 C:\xampp\htdocs\dubai_app\system\CodeIgniter.php(412): CodeIgniter\CodeIgniter->runController(Object(App\Controllers\Auth))
#7 C:\xampp\htdocs\dubai_app\system\CodeIgniter.php(320): CodeIgniter\CodeIgniter->handleRequest(NULL, Object(Config\Cache), false)
#8 C:\xampp\htdocs\dubai_app\index.php(37): CodeIgniter\CodeIgniter->run()
#9 {main}
CRITICAL - 2022-02-13 22:53:09 --> Undefined variable: session
#0 C:\xampp\htdocs\dubai_app\app\Views\auth\login.php(12): CodeIgniter\Debug\Exceptions->errorHandler(8, 'Undefined varia...', 'C:\\xampp\\htdocs...', 12, Array)
#1 C:\xampp\htdocs\dubai_app\system\View\View.php(210): include('C:\\xampp\\htdocs...')
#2 C:\xampp\htdocs\dubai_app\system\View\View.php(213): CodeIgniter\View\View->CodeIgniter\View\{closure}()
#3 C:\xampp\htdocs\dubai_app\system\Common.php(1089): CodeIgniter\View\View->render('auth/login', Array, true)
#4 C:\xampp\htdocs\dubai_app\app\Controllers\Auth.php(29): view('auth/login')
#5 C:\xampp\htdocs\dubai_app\system\CodeIgniter.php(825): App\Controllers\Auth->index()
#6 C:\xampp\htdocs\dubai_app\system\CodeIgniter.php(412): CodeIgniter\CodeIgniter->runController(Object(App\Controllers\Auth))
#7 C:\xampp\htdocs\dubai_app\system\CodeIgniter.php(320): CodeIgniter\CodeIgniter->handleRequest(NULL, Object(Config\Cache), false)
#8 C:\xampp\htdocs\dubai_app\index.php(37): CodeIgniter\CodeIgniter->run()
#9 {main}
CRITICAL - 2022-02-13 22:53:10 --> Undefined variable: session
#0 C:\xampp\htdocs\dubai_app\app\Views\auth\login.php(12): CodeIgniter\Debug\Exceptions->errorHandler(8, 'Undefined varia...', 'C:\\xampp\\htdocs...', 12, Array)
#1 C:\xampp\htdocs\dubai_app\system\View\View.php(210): include('C:\\xampp\\htdocs...')
#2 C:\xampp\htdocs\dubai_app\system\View\View.php(213): CodeIgniter\View\View->CodeIgniter\View\{closure}()
#3 C:\xampp\htdocs\dubai_app\system\Common.php(1089): CodeIgniter\View\View->render('auth/login', Array, true)
#4 C:\xampp\htdocs\dubai_app\app\Controllers\Auth.php(29): view('auth/login')
#5 C:\xampp\htdocs\dubai_app\system\CodeIgniter.php(825): App\Controllers\Auth->index()
#6 C:\xampp\htdocs\dubai_app\system\CodeIgniter.php(412): CodeIgniter\CodeIgniter->runController(Object(App\Controllers\Auth))
#7 C:\xampp\htdocs\dubai_app\system\CodeIgniter.php(320): CodeIgniter\CodeIgniter->handleRequest(NULL, Object(Config\Cache), false)
#8 C:\xampp\htdocs\dubai_app\index.php(37): CodeIgniter\CodeIgniter->run()
#9 {main}
CRITICAL - 2022-02-13 22:53:11 --> Undefined variable: session
#0 C:\xampp\htdocs\dubai_app\app\Views\auth\login.php(12): CodeIgniter\Debug\Exceptions->errorHandler(8, 'Undefined varia...', 'C:\\xampp\\htdocs...', 12, Array)
#1 C:\xampp\htdocs\dubai_app\system\View\View.php(210): include('C:\\xampp\\htdocs...')
#2 C:\xampp\htdocs\dubai_app\system\View\View.php(213): CodeIgniter\View\View->CodeIgniter\View\{closure}()
#3 C:\xampp\htdocs\dubai_app\system\Common.php(1089): CodeIgniter\View\View->render('auth/login', Array, true)
#4 C:\xampp\htdocs\dubai_app\app\Controllers\Auth.php(29): view('auth/login')
#5 C:\xampp\htdocs\dubai_app\system\CodeIgniter.php(825): App\Controllers\Auth->index()
#6 C:\xampp\htdocs\dubai_app\system\CodeIgniter.php(412): CodeIgniter\CodeIgniter->runController(Object(App\Controllers\Auth))
#7 C:\xampp\htdocs\dubai_app\system\CodeIgniter.php(320): CodeIgniter\CodeIgniter->handleRequest(NULL, Object(Config\Cache), false)
#8 C:\xampp\htdocs\dubai_app\index.php(37): CodeIgniter\CodeIgniter->run()
#9 {main}
CRITICAL - 2022-02-13 22:53:13 --> Undefined variable: session
#0 C:\xampp\htdocs\dubai_app\app\Views\auth\login.php(12): CodeIgniter\Debug\Exceptions->errorHandler(8, 'Undefined varia...', 'C:\\xampp\\htdocs...', 12, Array)
#1 C:\xampp\htdocs\dubai_app\system\View\View.php(210): include('C:\\xampp\\htdocs...')
#2 C:\xampp\htdocs\dubai_app\system\View\View.php(213): CodeIgniter\View\View->CodeIgniter\View\{closure}()
#3 C:\xampp\htdocs\dubai_app\system\Common.php(1089): CodeIgniter\View\View->render('auth/login', Array, true)
#4 C:\xampp\htdocs\dubai_app\app\Controllers\Auth.php(29): view('auth/login')
#5 C:\xampp\htdocs\dubai_app\system\CodeIgniter.php(825): App\Controllers\Auth->index()
#6 C:\xampp\htdocs\dubai_app\system\CodeIgniter.php(412): CodeIgniter\CodeIgniter->runController(Object(App\Controllers\Auth))
#7 C:\xampp\htdocs\dubai_app\system\CodeIgniter.php(320): CodeIgniter\CodeIgniter->handleRequest(NULL, Object(Config\Cache), false)
#8 C:\xampp\htdocs\dubai_app\index.php(37): CodeIgniter\CodeIgniter->run()
#9 {main}
CRITICAL - 2022-02-13 22:54:22 --> Undefined variable: session
#0 C:\xampp\htdocs\dubai_app\app\Views\auth\login.php(12): CodeIgniter\Debug\Exceptions->errorHandler(8, 'Undefined varia...', 'C:\\xampp\\htdocs...', 12, Array)
#1 C:\xampp\htdocs\dubai_app\system\View\View.php(210): include('C:\\xampp\\htdocs...')
#2 C:\xampp\htdocs\dubai_app\system\View\View.php(213): CodeIgniter\View\View->CodeIgniter\View\{closure}()
#3 C:\xampp\htdocs\dubai_app\system\Common.php(1089): CodeIgniter\View\View->render('auth/login', Array, true)
#4 C:\xampp\htdocs\dubai_app\app\Controllers\Auth.php(22): view('auth/login')
#5 C:\xampp\htdocs\dubai_app\system\CodeIgniter.php(825): App\Controllers\Auth->index()
#6 C:\xampp\htdocs\dubai_app\system\CodeIgniter.php(412): CodeIgniter\CodeIgniter->runController(Object(App\Controllers\Auth))
#7 C:\xampp\htdocs\dubai_app\system\CodeIgniter.php(320): CodeIgniter\CodeIgniter->handleRequest(NULL, Object(Config\Cache), false)
#8 C:\xampp\htdocs\dubai_app\index.php(37): CodeIgniter\CodeIgniter->run()
#9 {main}
CRITICAL - 2022-02-13 22:54:59 --> Undefined variable: session
#0 C:\xampp\htdocs\dubai_app\app\Views\auth\login.php(12): CodeIgniter\Debug\Exceptions->errorHandler(8, 'Undefined varia...', 'C:\\xampp\\htdocs...', 12, Array)
#1 C:\xampp\htdocs\dubai_app\system\View\View.php(210): include('C:\\xampp\\htdocs...')
#2 C:\xampp\htdocs\dubai_app\system\View\View.php(213): CodeIgniter\View\View->CodeIgniter\View\{closure}()
#3 C:\xampp\htdocs\dubai_app\system\Common.php(1089): CodeIgniter\View\View->render('auth/login', Array, true)
#4 C:\xampp\htdocs\dubai_app\app\Controllers\Auth.php(22): view('auth/login')
#5 C:\xampp\htdocs\dubai_app\system\CodeIgniter.php(825): App\Controllers\Auth->index()
#6 C:\xampp\htdocs\dubai_app\system\CodeIgniter.php(412): CodeIgniter\CodeIgniter->runController(Object(App\Controllers\Auth))
#7 C:\xampp\htdocs\dubai_app\system\CodeIgniter.php(320): CodeIgniter\CodeIgniter->handleRequest(NULL, Object(Config\Cache), false)
#8 C:\xampp\htdocs\dubai_app\index.php(37): CodeIgniter\CodeIgniter->run()
#9 {main}
CRITICAL - 2022-02-13 22:55:36 --> Undefined variable: session
#0 C:\xampp\htdocs\dubai_app\app\Views\auth\login.php(12): CodeIgniter\Debug\Exceptions->errorHandler(8, 'Undefined varia...', 'C:\\xampp\\htdocs...', 12, Array)
#1 C:\xampp\htdocs\dubai_app\system\View\View.php(210): include('C:\\xampp\\htdocs...')
#2 C:\xampp\htdocs\dubai_app\system\View\View.php(213): CodeIgniter\View\View->CodeIgniter\View\{closure}()
#3 C:\xampp\htdocs\dubai_app\system\Common.php(1089): CodeIgniter\View\View->render('auth/login', Array, true)
#4 C:\xampp\htdocs\dubai_app\app\Controllers\Auth.php(22): view('auth/login')
#5 C:\xampp\htdocs\dubai_app\system\CodeIgniter.php(825): App\Controllers\Auth->index()
#6 C:\xampp\htdocs\dubai_app\system\CodeIgniter.php(412): CodeIgniter\CodeIgniter->runController(Object(App\Controllers\Auth))
#7 C:\xampp\htdocs\dubai_app\system\CodeIgniter.php(320): CodeIgniter\CodeIgniter->handleRequest(NULL, Object(Config\Cache), false)
#8 C:\xampp\htdocs\dubai_app\index.php(37): CodeIgniter\CodeIgniter->run()
#9 {main}
CRITICAL - 2022-02-13 22:55:50 --> Undefined variable: session
#0 C:\xampp\htdocs\dubai_app\app\Views\backend\base.php(144): CodeIgniter\Debug\Exceptions->errorHandler(8, 'Undefined varia...', 'C:\\xampp\\htdocs...', 144, Array)
#1 C:\xampp\htdocs\dubai_app\system\View\View.php(210): include('C:\\xampp\\htdocs...')
#2 C:\xampp\htdocs\dubai_app\system\View\View.php(213): CodeIgniter\View\View->CodeIgniter\View\{closure}()
#3 C:\xampp\htdocs\dubai_app\system\View\View.php(226): CodeIgniter\View\View->render('backend/base', Array, true)
#4 C:\xampp\htdocs\dubai_app\system\Common.php(1089): CodeIgniter\View\View->render('auth/login', Array, true)
#5 C:\xampp\htdocs\dubai_app\app\Controllers\Auth.php(22): view('auth/login')
#6 C:\xampp\htdocs\dubai_app\system\CodeIgniter.php(825): App\Controllers\Auth->index()
#7 C:\xampp\htdocs\dubai_app\system\CodeIgniter.php(412): CodeIgniter\CodeIgniter->runController(Object(App\Controllers\Auth))
#8 C:\xampp\htdocs\dubai_app\system\CodeIgniter.php(320): CodeIgniter\CodeIgniter->handleRequest(NULL, Object(Config\Cache), false)
#9 C:\xampp\htdocs\dubai_app\index.php(37): CodeIgniter\CodeIgniter->run()
#10 {main}
CRITICAL - 2022-02-13 22:58:08 --> Undefined variable: session
#0 C:\xampp\htdocs\dubai_app\app\Views\backend\base.php(144): CodeIgniter\Debug\Exceptions->errorHandler(8, 'Undefined varia...', 'C:\\xampp\\htdocs...', 144, Array)
#1 C:\xampp\htdocs\dubai_app\system\View\View.php(210): include('C:\\xampp\\htdocs...')
#2 C:\xampp\htdocs\dubai_app\system\View\View.php(213): CodeIgniter\View\View->CodeIgniter\View\{closure}()
#3 C:\xampp\htdocs\dubai_app\system\View\View.php(226): CodeIgniter\View\View->render('backend/base', Array, true)
#4 C:\xampp\htdocs\dubai_app\system\Common.php(1089): CodeIgniter\View\View->render('auth/login', Array, true)
#5 C:\xampp\htdocs\dubai_app\app\Controllers\Auth.php(22): view('auth/login')
#6 C:\xampp\htdocs\dubai_app\system\CodeIgniter.php(825): App\Controllers\Auth->index()
#7 C:\xampp\htdocs\dubai_app\system\CodeIgniter.php(412): CodeIgniter\CodeIgniter->runController(Object(App\Controllers\Auth))
#8 C:\xampp\htdocs\dubai_app\system\CodeIgniter.php(320): CodeIgniter\CodeIgniter->handleRequest(NULL, Object(Config\Cache), false)
#9 C:\xampp\htdocs\dubai_app\index.php(37): CodeIgniter\CodeIgniter->run()
#10 {main}
CRITICAL - 2022-02-13 22:58:10 --> Undefined variable: session
#0 C:\xampp\htdocs\dubai_app\app\Views\backend\base.php(144): CodeIgniter\Debug\Exceptions->errorHandler(8, 'Undefined varia...', 'C:\\xampp\\htdocs...', 144, Array)
#1 C:\xampp\htdocs\dubai_app\system\View\View.php(210): include('C:\\xampp\\htdocs...')
#2 C:\xampp\htdocs\dubai_app\system\View\View.php(213): CodeIgniter\View\View->CodeIgniter\View\{closure}()
#3 C:\xampp\htdocs\dubai_app\system\View\View.php(226): CodeIgniter\View\View->render('backend/base', Array, true)
#4 C:\xampp\htdocs\dubai_app\system\Common.php(1089): CodeIgniter\View\View->render('auth/login', Array, true)
#5 C:\xampp\htdocs\dubai_app\app\Controllers\Auth.php(22): view('auth/login')
#6 C:\xampp\htdocs\dubai_app\system\CodeIgniter.php(825): App\Controllers\Auth->index()
#7 C:\xampp\htdocs\dubai_app\system\CodeIgniter.php(412): CodeIgniter\CodeIgniter->runController(Object(App\Controllers\Auth))
#8 C:\xampp\htdocs\dubai_app\system\CodeIgniter.php(320): CodeIgniter\CodeIgniter->handleRequest(NULL, Object(Config\Cache), false)
#9 C:\xampp\htdocs\dubai_app\index.php(37): CodeIgniter\CodeIgniter->run()
#10 {main}
CRITICAL - 2022-02-13 22:58:59 --> Undefined variable: session
#0 C:\xampp\htdocs\dubai_app\app\Views\backend\base.php(144): CodeIgniter\Debug\Exceptions->errorHandler(8, 'Undefined varia...', 'C:\\xampp\\htdocs...', 144, Array)
#1 C:\xampp\htdocs\dubai_app\system\View\View.php(210): include('C:\\xampp\\htdocs...')
#2 C:\xampp\htdocs\dubai_app\system\View\View.php(213): CodeIgniter\View\View->CodeIgniter\View\{closure}()
#3 C:\xampp\htdocs\dubai_app\system\View\View.php(226): CodeIgniter\View\View->render('backend/base', Array, true)
#4 C:\xampp\htdocs\dubai_app\system\Common.php(1089): CodeIgniter\View\View->render('auth/login', Array, true)
#5 C:\xampp\htdocs\dubai_app\app\Controllers\Auth.php(22): view('auth/login')
#6 C:\xampp\htdocs\dubai_app\system\CodeIgniter.php(825): App\Controllers\Auth->index()
#7 C:\xampp\htdocs\dubai_app\system\CodeIgniter.php(412): CodeIgniter\CodeIgniter->runController(Object(App\Controllers\Auth))
#8 C:\xampp\htdocs\dubai_app\system\CodeIgniter.php(320): CodeIgniter\CodeIgniter->handleRequest(NULL, Object(Config\Cache), false)
#9 C:\xampp\htdocs\dubai_app\index.php(37): CodeIgniter\CodeIgniter->run()
#10 {main}
CRITICAL - 2022-02-13 22:59:01 --> Undefined variable: session
#0 C:\xampp\htdocs\dubai_app\app\Views\backend\base.php(144): CodeIgniter\Debug\Exceptions->errorHandler(8, 'Undefined varia...', 'C:\\xampp\\htdocs...', 144, Array)
#1 C:\xampp\htdocs\dubai_app\system\View\View.php(210): include('C:\\xampp\\htdocs...')
#2 C:\xampp\htdocs\dubai_app\system\View\View.php(213): CodeIgniter\View\View->CodeIgniter\View\{closure}()
#3 C:\xampp\htdocs\dubai_app\system\View\View.php(226): CodeIgniter\View\View->render('backend/base', Array, true)
#4 C:\xampp\htdocs\dubai_app\system\Common.php(1089): CodeIgniter\View\View->render('auth/login', Array, true)
#5 C:\xampp\htdocs\dubai_app\app\Controllers\Auth.php(22): view('auth/login')
#6 C:\xampp\htdocs\dubai_app\system\CodeIgniter.php(825): App\Controllers\Auth->index()
#7 C:\xampp\htdocs\dubai_app\system\CodeIgniter.php(412): CodeIgniter\CodeIgniter->runController(Object(App\Controllers\Auth))
#8 C:\xampp\htdocs\dubai_app\system\CodeIgniter.php(320): CodeIgniter\CodeIgniter->handleRequest(NULL, Object(Config\Cache), false)
#9 C:\xampp\htdocs\dubai_app\index.php(37): CodeIgniter\CodeIgniter->run()
#10 {main}
CRITICAL - 2022-02-13 22:59:03 --> Undefined variable: session
#0 C:\xampp\htdocs\dubai_app\app\Views\backend\base.php(144): CodeIgniter\Debug\Exceptions->errorHandler(8, 'Undefined varia...', 'C:\\xampp\\htdocs...', 144, Array)
#1 C:\xampp\htdocs\dubai_app\system\View\View.php(210): include('C:\\xampp\\htdocs...')
#2 C:\xampp\htdocs\dubai_app\system\View\View.php(213): CodeIgniter\View\View->CodeIgniter\View\{closure}()
#3 C:\xampp\htdocs\dubai_app\system\View\View.php(226): CodeIgniter\View\View->render('backend/base', Array, true)
#4 C:\xampp\htdocs\dubai_app\system\Common.php(1089): CodeIgniter\View\View->render('auth/login', Array, true)
#5 C:\xampp\htdocs\dubai_app\app\Controllers\Auth.php(22): view('auth/login')
#6 C:\xampp\htdocs\dubai_app\system\CodeIgniter.php(825): App\Controllers\Auth->index()
#7 C:\xampp\htdocs\dubai_app\system\CodeIgniter.php(412): CodeIgniter\CodeIgniter->runController(Object(App\Controllers\Auth))
#8 C:\xampp\htdocs\dubai_app\system\CodeIgniter.php(320): CodeIgniter\CodeIgniter->handleRequest(NULL, Object(Config\Cache), false)
#9 C:\xampp\htdocs\dubai_app\index.php(37): CodeIgniter\CodeIgniter->run()
#10 {main}
CRITICAL - 2022-02-13 22:59:07 --> Undefined variable: session
#0 C:\xampp\htdocs\dubai_app\app\Views\backend\base.php(144): CodeIgniter\Debug\Exceptions->errorHandler(8, 'Undefined varia...', 'C:\\xampp\\htdocs...', 144, Array)
#1 C:\xampp\htdocs\dubai_app\system\View\View.php(210): include('C:\\xampp\\htdocs...')
#2 C:\xampp\htdocs\dubai_app\system\View\View.php(213): CodeIgniter\View\View->CodeIgniter\View\{closure}()
#3 C:\xampp\htdocs\dubai_app\system\View\View.php(226): CodeIgniter\View\View->render('backend/base', Array, true)
#4 C:\xampp\htdocs\dubai_app\system\Common.php(1089): CodeIgniter\View\View->render('auth/login', Array, true)
#5 C:\xampp\htdocs\dubai_app\app\Controllers\Auth.php(22): view('auth/login')
#6 C:\xampp\htdocs\dubai_app\system\CodeIgniter.php(825): App\Controllers\Auth->index()
#7 C:\xampp\htdocs\dubai_app\system\CodeIgniter.php(412): CodeIgniter\CodeIgniter->runController(Object(App\Controllers\Auth))
#8 C:\xampp\htdocs\dubai_app\system\CodeIgniter.php(320): CodeIgniter\CodeIgniter->handleRequest(NULL, Object(Config\Cache), false)
#9 C:\xampp\htdocs\dubai_app\index.php(37): CodeIgniter\CodeIgniter->run()
#10 {main}
CRITICAL - 2022-02-13 23:00:40 --> Undefined variable: session
#0 C:\xampp\htdocs\dubai_app\app\Views\backend\base.php(144): CodeIgniter\Debug\Exceptions->errorHandler(8, 'Undefined varia...', 'C:\\xampp\\htdocs...', 144, Array)
#1 C:\xampp\htdocs\dubai_app\system\View\View.php(210): include('C:\\xampp\\htdocs...')
#2 C:\xampp\htdocs\dubai_app\system\View\View.php(213): CodeIgniter\View\View->CodeIgniter\View\{closure}()
#3 C:\xampp\htdocs\dubai_app\system\View\View.php(226): CodeIgniter\View\View->render('backend/base', Array, true)
#4 C:\xampp\htdocs\dubai_app\system\Common.php(1089): CodeIgniter\View\View->render('auth/login', Array, true)
#5 C:\xampp\htdocs\dubai_app\app\Controllers\Auth.php(22): view('auth/login')
#6 C:\xampp\htdocs\dubai_app\system\CodeIgniter.php(825): App\Controllers\Auth->index()
#7 C:\xampp\htdocs\dubai_app\system\CodeIgniter.php(412): CodeIgniter\CodeIgniter->runController(Object(App\Controllers\Auth))
#8 C:\xampp\htdocs\dubai_app\system\CodeIgniter.php(320): CodeIgniter\CodeIgniter->handleRequest(NULL, Object(Config\Cache), false)
#9 C:\xampp\htdocs\dubai_app\index.php(37): CodeIgniter\CodeIgniter->run()
#10 {main}
CRITICAL - 2022-02-13 23:00:43 --> Undefined variable: session
#0 C:\xampp\htdocs\dubai_app\app\Views\backend\base.php(144): CodeIgniter\Debug\Exceptions->errorHandler(8, 'Undefined varia...', 'C:\\xampp\\htdocs...', 144, Array)
#1 C:\xampp\htdocs\dubai_app\system\View\View.php(210): include('C:\\xampp\\htdocs...')
#2 C:\xampp\htdocs\dubai_app\system\View\View.php(213): CodeIgniter\View\View->CodeIgniter\View\{closure}()
#3 C:\xampp\htdocs\dubai_app\system\View\View.php(226): CodeIgniter\View\View->render('backend/base', Array, true)
#4 C:\xampp\htdocs\dubai_app\system\Common.php(1089): CodeIgniter\View\View->render('auth/login', Array, true)
#5 C:\xampp\htdocs\dubai_app\app\Controllers\Auth.php(22): view('auth/login')
#6 C:\xampp\htdocs\dubai_app\system\CodeIgniter.php(825): App\Controllers\Auth->index()
#7 C:\xampp\htdocs\dubai_app\system\CodeIgniter.php(412): CodeIgniter\CodeIgniter->runController(Object(App\Controllers\Auth))
#8 C:\xampp\htdocs\dubai_app\system\CodeIgniter.php(320): CodeIgniter\CodeIgniter->handleRequest(NULL, Object(Config\Cache), false)
#9 C:\xampp\htdocs\dubai_app\index.php(37): CodeIgniter\CodeIgniter->run()
#10 {main}
CRITICAL - 2022-02-13 23:02:49 --> Undefined variable: session
#0 C:\xampp\htdocs\dubai_app\app\Views\backend\base.php(144): CodeIgniter\Debug\Exceptions->errorHandler(8, 'Undefined varia...', 'C:\\xampp\\htdocs...', 144, Array)
#1 C:\xampp\htdocs\dubai_app\system\View\View.php(210): include('C:\\xampp\\htdocs...')
#2 C:\xampp\htdocs\dubai_app\system\View\View.php(213): CodeIgniter\View\View->CodeIgniter\View\{closure}()
#3 C:\xampp\htdocs\dubai_app\system\View\View.php(226): CodeIgniter\View\View->render('backend/base', Array, true)
#4 C:\xampp\htdocs\dubai_app\system\Common.php(1089): CodeIgniter\View\View->render('auth/profile', Array, true)
#5 C:\xampp\htdocs\dubai_app\app\Controllers\Auth.php(73): view('auth/profile')
#6 C:\xampp\htdocs\dubai_app\system\CodeIgniter.php(825): App\Controllers\Auth->profile()
#7 C:\xampp\htdocs\dubai_app\system\CodeIgniter.php(412): CodeIgniter\CodeIgniter->runController(Object(App\Controllers\Auth))
#8 C:\xampp\htdocs\dubai_app\system\CodeIgniter.php(320): CodeIgniter\CodeIgniter->handleRequest(NULL, Object(Config\Cache), false)
#9 C:\xampp\htdocs\dubai_app\index.php(37): CodeIgniter\CodeIgniter->run()
#10 {main}
CRITICAL - 2022-02-13 23:02:58 --> Undefined variable: session
#0 C:\xampp\htdocs\dubai_app\app\Views\backend\base.php(144): CodeIgniter\Debug\Exceptions->errorHandler(8, 'Undefined varia...', 'C:\\xampp\\htdocs...', 144, Array)
#1 C:\xampp\htdocs\dubai_app\system\View\View.php(210): include('C:\\xampp\\htdocs...')
#2 C:\xampp\htdocs\dubai_app\system\View\View.php(213): CodeIgniter\View\View->CodeIgniter\View\{closure}()
#3 C:\xampp\htdocs\dubai_app\system\View\View.php(226): CodeIgniter\View\View->render('backend/base', Array, true)
#4 C:\xampp\htdocs\dubai_app\system\Common.php(1089): CodeIgniter\View\View->render('auth/profile', Array, true)
#5 C:\xampp\htdocs\dubai_app\app\Controllers\Auth.php(73): view('auth/profile')
#6 C:\xampp\htdocs\dubai_app\system\CodeIgniter.php(825): App\Controllers\Auth->profile()
#7 C:\xampp\htdocs\dubai_app\system\CodeIgniter.php(412): CodeIgniter\CodeIgniter->runController(Object(App\Controllers\Auth))
#8 C:\xampp\htdocs\dubai_app\system\CodeIgniter.php(320): CodeIgniter\CodeIgniter->handleRequest(NULL, Object(Config\Cache), false)
#9 C:\xampp\htdocs\dubai_app\index.php(37): CodeIgniter\CodeIgniter->run()
#10 {main}
CRITICAL - 2022-02-13 23:03:49 --> Undefined variable: session
#0 C:\xampp\htdocs\dubai_app\app\Views\backend\base.php(144): CodeIgniter\Debug\Exceptions->errorHandler(8, 'Undefined varia...', 'C:\\xampp\\htdocs...', 144, Array)
#1 C:\xampp\htdocs\dubai_app\system\View\View.php(210): include('C:\\xampp\\htdocs...')
#2 C:\xampp\htdocs\dubai_app\system\View\View.php(213): CodeIgniter\View\View->CodeIgniter\View\{closure}()
#3 C:\xampp\htdocs\dubai_app\system\View\View.php(226): CodeIgniter\View\View->render('backend/base', Array, true)
#4 C:\xampp\htdocs\dubai_app\system\Common.php(1089): CodeIgniter\View\View->render('auth/profile', Array, true)
#5 C:\xampp\htdocs\dubai_app\app\Controllers\Auth.php(73): view('auth/profile')
#6 C:\xampp\htdocs\dubai_app\system\CodeIgniter.php(825): App\Controllers\Auth->profile()
#7 C:\xampp\htdocs\dubai_app\system\CodeIgniter.php(412): CodeIgniter\CodeIgniter->runController(Object(App\Controllers\Auth))
#8 C:\xampp\htdocs\dubai_app\system\CodeIgniter.php(320): CodeIgniter\CodeIgniter->handleRequest(NULL, Object(Config\Cache), false)
#9 C:\xampp\htdocs\dubai_app\index.php(37): CodeIgniter\CodeIgniter->run()
#10 {main}
CRITICAL - 2022-02-13 23:35:31 --> Undefined variable: brand_data
#0 C:\xampp\htdocs\dubai_app\app\Views\admin\add-manager.php(36): CodeIgniter\Debug\Exceptions->errorHandler(8, 'Undefined varia...', 'C:\\xampp\\htdocs...', 36, Array)
#1 C:\xampp\htdocs\dubai_app\system\View\View.php(210): include('C:\\xampp\\htdocs...')
#2 C:\xampp\htdocs\dubai_app\system\View\View.php(213): CodeIgniter\View\View->CodeIgniter\View\{closure}()
#3 C:\xampp\htdocs\dubai_app\system\Common.php(1089): CodeIgniter\View\View->render('admin/add-manag...', Array, true)
#4 C:\xampp\htdocs\dubai_app\app\Controllers\Admin.php(24): view('admin/add-manag...')
#5 C:\xampp\htdocs\dubai_app\system\CodeIgniter.php(825): App\Controllers\Admin->addManager()
#6 C:\xampp\htdocs\dubai_app\system\CodeIgniter.php(412): CodeIgniter\CodeIgniter->runController(Object(App\Controllers\Admin))
#7 C:\xampp\htdocs\dubai_app\system\CodeIgniter.php(320): CodeIgniter\CodeIgniter->handleRequest(NULL, Object(Config\Cache), false)
#8 C:\xampp\htdocs\dubai_app\index.php(37): CodeIgniter\CodeIgniter->run()
#9 {main}
CRITICAL - 2022-02-13 23:36:10 --> Undefined variable: session
#0 C:\xampp\htdocs\dubai_app\app\Views\backend\base.php(144): CodeIgniter\Debug\Exceptions->errorHandler(8, 'Undefined varia...', 'C:\\xampp\\htdocs...', 144, Array)
#1 C:\xampp\htdocs\dubai_app\system\View\View.php(210): include('C:\\xampp\\htdocs...')
#2 C:\xampp\htdocs\dubai_app\system\View\View.php(213): CodeIgniter\View\View->CodeIgniter\View\{closure}()
#3 C:\xampp\htdocs\dubai_app\system\View\View.php(226): CodeIgniter\View\View->render('backend/base', Array, true)
#4 C:\xampp\htdocs\dubai_app\system\Common.php(1089): CodeIgniter\View\View->render('admin/add-manag...', Array, true)
#5 C:\xampp\htdocs\dubai_app\app\Controllers\Admin.php(24): view('admin/add-manag...')
#6 C:\xampp\htdocs\dubai_app\system\CodeIgniter.php(825): App\Controllers\Admin->addManager()
#7 C:\xampp\htdocs\dubai_app\system\CodeIgniter.php(412): CodeIgniter\CodeIgniter->runController(Object(App\Controllers\Admin))
#8 C:\xampp\htdocs\dubai_app\system\CodeIgniter.php(320): CodeIgniter\CodeIgniter->handleRequest(NULL, Object(Config\Cache), false)
#9 C:\xampp\htdocs\dubai_app\index.php(37): CodeIgniter\CodeIgniter->run()
#10 {main}
CRITICAL - 2022-02-13 23:37:02 --> Undefined variable: data
#0 C:\xampp\htdocs\dubai_app\app\Controllers\Admin.php(25): CodeIgniter\Debug\Exceptions->errorHandler(8, 'Undefined varia...', 'C:\\xampp\\htdocs...', 25, Array)
#1 C:\xampp\htdocs\dubai_app\system\CodeIgniter.php(825): App\Controllers\Admin->addManager()
#2 C:\xampp\htdocs\dubai_app\system\CodeIgniter.php(412): CodeIgniter\CodeIgniter->runController(Object(App\Controllers\Admin))
#3 C:\xampp\htdocs\dubai_app\system\CodeIgniter.php(320): CodeIgniter\CodeIgniter->handleRequest(NULL, Object(Config\Cache), false)
#4 C:\xampp\htdocs\dubai_app\index.php(37): CodeIgniter\CodeIgniter->run()
#5 {main}
CRITICAL - 2022-02-13 23:37:36 --> Undefined variable: data
#0 C:\xampp\htdocs\dubai_app\app\Controllers\Admin.php(26): CodeIgniter\Debug\Exceptions->errorHandler(8, 'Undefined varia...', 'C:\\xampp\\htdocs...', 26, Array)
#1 C:\xampp\htdocs\dubai_app\system\CodeIgniter.php(825): App\Controllers\Admin->addManager()
#2 C:\xampp\htdocs\dubai_app\system\CodeIgniter.php(412): CodeIgniter\CodeIgniter->runController(Object(App\Controllers\Admin))
#3 C:\xampp\htdocs\dubai_app\system\CodeIgniter.php(320): CodeIgniter\CodeIgniter->handleRequest(NULL, Object(Config\Cache), false)
#4 C:\xampp\htdocs\dubai_app\index.php(37): CodeIgniter\CodeIgniter->run()
#5 {main}
CRITICAL - 2022-02-13 23:37:38 --> Undefined variable: data
#0 C:\xampp\htdocs\dubai_app\app\Controllers\Admin.php(26): CodeIgniter\Debug\Exceptions->errorHandler(8, 'Undefined varia...', 'C:\\xampp\\htdocs...', 26, Array)
#1 C:\xampp\htdocs\dubai_app\system\CodeIgniter.php(825): App\Controllers\Admin->addManager()
#2 C:\xampp\htdocs\dubai_app\system\CodeIgniter.php(412): CodeIgniter\CodeIgniter->runController(Object(App\Controllers\Admin))
#3 C:\xampp\htdocs\dubai_app\system\CodeIgniter.php(320): CodeIgniter\CodeIgniter->handleRequest(NULL, Object(Config\Cache), false)
#4 C:\xampp\htdocs\dubai_app\index.php(37): CodeIgniter\CodeIgniter->run()
#5 {main}
CRITICAL - 2022-02-13 23:37:38 --> Undefined variable: data
#0 C:\xampp\htdocs\dubai_app\app\Controllers\Admin.php(26): CodeIgniter\Debug\Exceptions->errorHandler(8, 'Undefined varia...', 'C:\\xampp\\htdocs...', 26, Array)
#1 C:\xampp\htdocs\dubai_app\system\CodeIgniter.php(825): App\Controllers\Admin->addManager()
#2 C:\xampp\htdocs\dubai_app\system\CodeIgniter.php(412): CodeIgniter\CodeIgniter->runController(Object(App\Controllers\Admin))
#3 C:\xampp\htdocs\dubai_app\system\CodeIgniter.php(320): CodeIgniter\CodeIgniter->handleRequest(NULL, Object(Config\Cache), false)
#4 C:\xampp\htdocs\dubai_app\index.php(37): CodeIgniter\CodeIgniter->run()
#5 {main}
