CRITICAL - 2022-02-11 00:54:20 --> Undefined variable: session
#0 C:\xampp\htdocs\dubai_app\app\Controllers\Auth.php(56): CodeIgniter\Debug\Exceptions->errorHandler(8, 'Undefined varia...', 'C:\\xampp\\htdocs...', 56, Array)
#1 C:\xampp\htdocs\dubai_app\system\CodeIgniter.php(825): App\Controllers\Auth->loginValidate()
#2 C:\xampp\htdocs\dubai_app\system\CodeIgniter.php(412): CodeIgniter\CodeIgniter->runController(Object(App\Controllers\Auth))
#3 C:\xampp\htdocs\dubai_app\system\CodeIgniter.php(320): CodeIgniter\CodeIgniter->handleRequest(NULL, Object(Config\Cache), false)
#4 C:\xampp\htdocs\dubai_app\index.php(37): CodeIgniter\CodeIgniter->run()
#5 {main}
CRITICAL - 2022-02-11 00:55:03 --> Undefined variable: session
#0 C:\xampp\htdocs\dubai_app\app\Controllers\Auth.php(56): CodeIgniter\Debug\Exceptions->errorHandler(8, 'Undefined varia...', 'C:\\xampp\\htdocs...', 56, Array)
#1 C:\xampp\htdocs\dubai_app\system\CodeIgniter.php(825): App\Controllers\Auth->loginValidate()
#2 C:\xampp\htdocs\dubai_app\system\CodeIgniter.php(412): CodeIgniter\CodeIgniter->runController(Object(App\Controllers\Auth))
#3 C:\xampp\htdocs\dubai_app\system\CodeIgniter.php(320): CodeIgniter\CodeIgniter->handleRequest(NULL, Object(Config\Cache), false)
#4 C:\xampp\htdocs\dubai_app\index.php(37): CodeIgniter\CodeIgniter->run()
#5 {main}
CRITICAL - 2022-02-11 01:24:06 --> Undefined index: pwd
#0 C:\xampp\htdocs\dubai_app\app\Controllers\Auth.php(41): CodeIgniter\Debug\Exceptions->errorHandler(8, 'Undefined index...', 'C:\\xampp\\htdocs...', 41, Array)
#1 C:\xampp\htdocs\dubai_app\system\CodeIgniter.php(825): App\Controllers\Auth->loginValidate()
#2 C:\xampp\htdocs\dubai_app\system\CodeIgniter.php(412): CodeIgniter\CodeIgniter->runController(Object(App\Controllers\Auth))
#3 C:\xampp\htdocs\dubai_app\system\CodeIgniter.php(320): CodeIgniter\CodeIgniter->handleRequest(NULL, Object(Config\Cache), false)
#4 C:\xampp\htdocs\dubai_app\index.php(37): CodeIgniter\CodeIgniter->run()
#5 {main}
CRITICAL - 2022-02-11 02:57:21 --> Undefined variable: authenticatePassword
#0 C:\xampp\htdocs\dubai_app\app\Controllers\Auth.php(44): CodeIgniter\Debug\Exceptions->errorHandler(8, 'Undefined varia...', 'C:\\xampp\\htdocs...', 44, Array)
#1 C:\xampp\htdocs\dubai_app\system\CodeIgniter.php(825): App\Controllers\Auth->loginValidate()
#2 C:\xampp\htdocs\dubai_app\system\CodeIgniter.php(412): CodeIgniter\CodeIgniter->runController(Object(App\Controllers\Auth))
#3 C:\xampp\htdocs\dubai_app\system\CodeIgniter.php(320): CodeIgniter\CodeIgniter->handleRequest(NULL, Object(Config\Cache), false)
#4 C:\xampp\htdocs\dubai_app\index.php(37): CodeIgniter\CodeIgniter->run()
#5 {main}
CRITICAL - 2022-02-11 03:16:21 --> View themes, no current section.
#0 C:\xampp\htdocs\dubai_app\app\Views\dashboard\admin.php(100): CodeIgniter\View\View->endSection('main_content')
#1 C:\xampp\htdocs\dubai_app\system\View\View.php(210): include('C:\\xampp\\htdocs...')
#2 C:\xampp\htdocs\dubai_app\system\View\View.php(213): CodeIgniter\View\View->CodeIgniter\View\{closure}()
#3 C:\xampp\htdocs\dubai_app\system\Common.php(1089): CodeIgniter\View\View->render('dashboard/admin', Array, true)
#4 C:\xampp\htdocs\dubai_app\app\Controllers\Auth.php(55): view('dashboard/admin')
#5 C:\xampp\htdocs\dubai_app\system\CodeIgniter.php(825): App\Controllers\Auth->loginValidate()
#6 C:\xampp\htdocs\dubai_app\system\CodeIgniter.php(412): CodeIgniter\CodeIgniter->runController(Object(App\Controllers\Auth))
#7 C:\xampp\htdocs\dubai_app\system\CodeIgniter.php(320): CodeIgniter\CodeIgniter->handleRequest(NULL, Object(Config\Cache), false)
#8 C:\xampp\htdocs\dubai_app\index.php(37): CodeIgniter\CodeIgniter->run()
#9 {main}
CRITICAL - 2022-02-11 03:31:30 --> Undefined variable: session
#0 C:\xampp\htdocs\dubai_app\app\Views\admin\admin.php(26): CodeIgniter\Debug\Exceptions->errorHandler(8, 'Undefined varia...', 'C:\\xampp\\htdocs...', 26, Array)
#1 C:\xampp\htdocs\dubai_app\system\View\View.php(210): include('C:\\xampp\\htdocs...')
#2 C:\xampp\htdocs\dubai_app\system\View\View.php(213): CodeIgniter\View\View->CodeIgniter\View\{closure}()
#3 C:\xampp\htdocs\dubai_app\system\Common.php(1089): CodeIgniter\View\View->render('admin/admin', Array, true)
#4 C:\xampp\htdocs\dubai_app\app\Controllers\Admin.php(23): view('admin/admin')
#5 C:\xampp\htdocs\dubai_app\system\CodeIgniter.php(825): App\Controllers\Admin->index()
#6 C:\xampp\htdocs\dubai_app\system\CodeIgniter.php(412): CodeIgniter\CodeIgniter->runController(Object(App\Controllers\Admin))
#7 C:\xampp\htdocs\dubai_app\system\CodeIgniter.php(320): CodeIgniter\CodeIgniter->handleRequest(NULL, Object(Config\Cache), false)
#8 C:\xampp\htdocs\dubai_app\index.php(37): CodeIgniter\CodeIgniter->run()
#9 {main}
CRITICAL - 2022-02-11 03:33:39 --> Undefined variable: session
#0 C:\xampp\htdocs\dubai_app\app\Views\admin\admin.php(26): CodeIgniter\Debug\Exceptions->errorHandler(8, 'Undefined varia...', 'C:\\xampp\\htdocs...', 26, Array)
#1 C:\xampp\htdocs\dubai_app\system\View\View.php(210): include('C:\\xampp\\htdocs...')
#2 C:\xampp\htdocs\dubai_app\system\View\View.php(213): CodeIgniter\View\View->CodeIgniter\View\{closure}()
#3 C:\xampp\htdocs\dubai_app\system\Common.php(1089): CodeIgniter\View\View->render('admin/admin', Array, true)
#4 C:\xampp\htdocs\dubai_app\app\Controllers\Admin.php(23): view('admin/admin')
#5 C:\xampp\htdocs\dubai_app\system\CodeIgniter.php(825): App\Controllers\Admin->index()
#6 C:\xampp\htdocs\dubai_app\system\CodeIgniter.php(412): CodeIgniter\CodeIgniter->runController(Object(App\Controllers\Admin))
#7 C:\xampp\htdocs\dubai_app\system\CodeIgniter.php(320): CodeIgniter\CodeIgniter->handleRequest(NULL, Object(Config\Cache), false)
#8 C:\xampp\htdocs\dubai_app\index.php(37): CodeIgniter\CodeIgniter->run()
#9 {main}
CRITICAL - 2022-02-11 03:34:55 --> Undefined variable: data
#0 C:\xampp\htdocs\dubai_app\app\Views\admin\admin.php(26): CodeIgniter\Debug\Exceptions->errorHandler(8, 'Undefined varia...', 'C:\\xampp\\htdocs...', 26, Array)
#1 C:\xampp\htdocs\dubai_app\system\View\View.php(210): include('C:\\xampp\\htdocs...')
#2 C:\xampp\htdocs\dubai_app\system\View\View.php(213): CodeIgniter\View\View->CodeIgniter\View\{closure}()
#3 C:\xampp\htdocs\dubai_app\system\Common.php(1089): CodeIgniter\View\View->render('admin/admin', Array, true)
#4 C:\xampp\htdocs\dubai_app\app\Controllers\Admin.php(23): view('admin/admin', Array)
#5 C:\xampp\htdocs\dubai_app\system\CodeIgniter.php(825): App\Controllers\Admin->index()
#6 C:\xampp\htdocs\dubai_app\system\CodeIgniter.php(412): CodeIgniter\CodeIgniter->runController(Object(App\Controllers\Admin))
#7 C:\xampp\htdocs\dubai_app\system\CodeIgniter.php(320): CodeIgniter\CodeIgniter->handleRequest(NULL, Object(Config\Cache), false)
#8 C:\xampp\htdocs\dubai_app\index.php(37): CodeIgniter\CodeIgniter->run()
#9 {main}
CRITICAL - 2022-02-11 03:35:12 --> Undefined variable: data
#0 C:\xampp\htdocs\dubai_app\app\Views\admin\admin.php(26): CodeIgniter\Debug\Exceptions->errorHandler(8, 'Undefined varia...', 'C:\\xampp\\htdocs...', 26, Array)
#1 C:\xampp\htdocs\dubai_app\system\View\View.php(210): include('C:\\xampp\\htdocs...')
#2 C:\xampp\htdocs\dubai_app\system\View\View.php(213): CodeIgniter\View\View->CodeIgniter\View\{closure}()
#3 C:\xampp\htdocs\dubai_app\system\Common.php(1089): CodeIgniter\View\View->render('admin/admin', Array, true)
#4 C:\xampp\htdocs\dubai_app\app\Controllers\Admin.php(23): view('admin/admin', Array)
#5 C:\xampp\htdocs\dubai_app\system\CodeIgniter.php(825): App\Controllers\Admin->index()
#6 C:\xampp\htdocs\dubai_app\system\CodeIgniter.php(412): CodeIgniter\CodeIgniter->runController(Object(App\Controllers\Admin))
#7 C:\xampp\htdocs\dubai_app\system\CodeIgniter.php(320): CodeIgniter\CodeIgniter->handleRequest(NULL, Object(Config\Cache), false)
#8 C:\xampp\htdocs\dubai_app\index.php(37): CodeIgniter\CodeIgniter->run()
#9 {main}
CRITICAL - 2022-02-11 03:35:28 --> Undefined variable: data
#0 C:\xampp\htdocs\dubai_app\app\Views\admin\admin.php(26): CodeIgniter\Debug\Exceptions->errorHandler(8, 'Undefined varia...', 'C:\\xampp\\htdocs...', 26, Array)
#1 C:\xampp\htdocs\dubai_app\system\View\View.php(210): include('C:\\xampp\\htdocs...')
#2 C:\xampp\htdocs\dubai_app\system\View\View.php(213): CodeIgniter\View\View->CodeIgniter\View\{closure}()
#3 C:\xampp\htdocs\dubai_app\system\Common.php(1089): CodeIgniter\View\View->render('admin/admin', Array, true)
#4 C:\xampp\htdocs\dubai_app\app\Controllers\Admin.php(23): view('admin/admin', Array)
#5 C:\xampp\htdocs\dubai_app\system\CodeIgniter.php(825): App\Controllers\Admin->index()
#6 C:\xampp\htdocs\dubai_app\system\CodeIgniter.php(412): CodeIgniter\CodeIgniter->runController(Object(App\Controllers\Admin))
#7 C:\xampp\htdocs\dubai_app\system\CodeIgniter.php(320): CodeIgniter\CodeIgniter->handleRequest(NULL, Object(Config\Cache), false)
#8 C:\xampp\htdocs\dubai_app\index.php(37): CodeIgniter\CodeIgniter->run()
#9 {main}
CRITICAL - 2022-02-11 03:35:29 --> Undefined variable: data
#0 C:\xampp\htdocs\dubai_app\app\Views\admin\admin.php(26): CodeIgniter\Debug\Exceptions->errorHandler(8, 'Undefined varia...', 'C:\\xampp\\htdocs...', 26, Array)
#1 C:\xampp\htdocs\dubai_app\system\View\View.php(210): include('C:\\xampp\\htdocs...')
#2 C:\xampp\htdocs\dubai_app\system\View\View.php(213): CodeIgniter\View\View->CodeIgniter\View\{closure}()
#3 C:\xampp\htdocs\dubai_app\system\Common.php(1089): CodeIgniter\View\View->render('admin/admin', Array, true)
#4 C:\xampp\htdocs\dubai_app\app\Controllers\Admin.php(23): view('admin/admin', Array)
#5 C:\xampp\htdocs\dubai_app\system\CodeIgniter.php(825): App\Controllers\Admin->index()
#6 C:\xampp\htdocs\dubai_app\system\CodeIgniter.php(412): CodeIgniter\CodeIgniter->runController(Object(App\Controllers\Admin))
#7 C:\xampp\htdocs\dubai_app\system\CodeIgniter.php(320): CodeIgniter\CodeIgniter->handleRequest(NULL, Object(Config\Cache), false)
#8 C:\xampp\htdocs\dubai_app\index.php(37): CodeIgniter\CodeIgniter->run()
#9 {main}
CRITICAL - 2022-02-11 03:35:29 --> Undefined variable: data
#0 C:\xampp\htdocs\dubai_app\app\Views\admin\admin.php(26): CodeIgniter\Debug\Exceptions->errorHandler(8, 'Undefined varia...', 'C:\\xampp\\htdocs...', 26, Array)
#1 C:\xampp\htdocs\dubai_app\system\View\View.php(210): include('C:\\xampp\\htdocs...')
#2 C:\xampp\htdocs\dubai_app\system\View\View.php(213): CodeIgniter\View\View->CodeIgniter\View\{closure}()
#3 C:\xampp\htdocs\dubai_app\system\Common.php(1089): CodeIgniter\View\View->render('admin/admin', Array, true)
#4 C:\xampp\htdocs\dubai_app\app\Controllers\Admin.php(23): view('admin/admin', Array)
#5 C:\xampp\htdocs\dubai_app\system\CodeIgniter.php(825): App\Controllers\Admin->index()
#6 C:\xampp\htdocs\dubai_app\system\CodeIgniter.php(412): CodeIgniter\CodeIgniter->runController(Object(App\Controllers\Admin))
#7 C:\xampp\htdocs\dubai_app\system\CodeIgniter.php(320): CodeIgniter\CodeIgniter->handleRequest(NULL, Object(Config\Cache), false)
#8 C:\xampp\htdocs\dubai_app\index.php(37): CodeIgniter\CodeIgniter->run()
#9 {main}
CRITICAL - 2022-02-11 03:35:29 --> Undefined variable: data
#0 C:\xampp\htdocs\dubai_app\app\Views\admin\admin.php(26): CodeIgniter\Debug\Exceptions->errorHandler(8, 'Undefined varia...', 'C:\\xampp\\htdocs...', 26, Array)
#1 C:\xampp\htdocs\dubai_app\system\View\View.php(210): include('C:\\xampp\\htdocs...')
#2 C:\xampp\htdocs\dubai_app\system\View\View.php(213): CodeIgniter\View\View->CodeIgniter\View\{closure}()
#3 C:\xampp\htdocs\dubai_app\system\Common.php(1089): CodeIgniter\View\View->render('admin/admin', Array, true)
#4 C:\xampp\htdocs\dubai_app\app\Controllers\Admin.php(23): view('admin/admin', Array)
#5 C:\xampp\htdocs\dubai_app\system\CodeIgniter.php(825): App\Controllers\Admin->index()
#6 C:\xampp\htdocs\dubai_app\system\CodeIgniter.php(412): CodeIgniter\CodeIgniter->runController(Object(App\Controllers\Admin))
#7 C:\xampp\htdocs\dubai_app\system\CodeIgniter.php(320): CodeIgniter\CodeIgniter->handleRequest(NULL, Object(Config\Cache), false)
#8 C:\xampp\htdocs\dubai_app\index.php(37): CodeIgniter\CodeIgniter->run()
#9 {main}
CRITICAL - 2022-02-11 03:39:46 --> Undefined variable: ses_data
#0 C:\xampp\htdocs\dubai_app\app\Controllers\Admin.php(22): CodeIgniter\Debug\Exceptions->errorHandler(8, 'Undefined varia...', 'C:\\xampp\\htdocs...', 22, Array)
#1 C:\xampp\htdocs\dubai_app\system\CodeIgniter.php(825): App\Controllers\Admin->index()
#2 C:\xampp\htdocs\dubai_app\system\CodeIgniter.php(412): CodeIgniter\CodeIgniter->runController(Object(App\Controllers\Admin))
#3 C:\xampp\htdocs\dubai_app\system\CodeIgniter.php(320): CodeIgniter\CodeIgniter->handleRequest(NULL, Object(Config\Cache), false)
#4 C:\xampp\htdocs\dubai_app\index.php(37): CodeIgniter\CodeIgniter->run()
#5 {main}
CRITICAL - 2022-02-11 03:41:07 --> Call to undefined method CodeIgniter\Session\Session::all_userdata()
#0 C:\xampp\htdocs\dubai_app\system\CodeIgniter.php(825): App\Controllers\Admin->index()
#1 C:\xampp\htdocs\dubai_app\system\CodeIgniter.php(412): CodeIgniter\CodeIgniter->runController(Object(App\Controllers\Admin))
#2 C:\xampp\htdocs\dubai_app\system\CodeIgniter.php(320): CodeIgniter\CodeIgniter->handleRequest(NULL, Object(Config\Cache), false)
#3 C:\xampp\htdocs\dubai_app\index.php(37): CodeIgniter\CodeIgniter->run()
#4 {main}
CRITICAL - 2022-02-11 03:41:20 --> Call to undefined method CodeIgniter\Session\Session::ses_data()
#0 C:\xampp\htdocs\dubai_app\system\CodeIgniter.php(825): App\Controllers\Admin->index()
#1 C:\xampp\htdocs\dubai_app\system\CodeIgniter.php(412): CodeIgniter\CodeIgniter->runController(Object(App\Controllers\Admin))
#2 C:\xampp\htdocs\dubai_app\system\CodeIgniter.php(320): CodeIgniter\CodeIgniter->handleRequest(NULL, Object(Config\Cache), false)
#3 C:\xampp\htdocs\dubai_app\index.php(37): CodeIgniter\CodeIgniter->run()
#4 {main}
CRITICAL - 2022-02-11 03:43:28 --> Undefined variable: session
#0 C:\xampp\htdocs\dubai_app\app\Controllers\Admin.php(16): CodeIgniter\Debug\Exceptions->errorHandler(8, 'Undefined varia...', 'C:\\xampp\\htdocs...', 16, Array)
#1 C:\xampp\htdocs\dubai_app\system\CodeIgniter.php(802): App\Controllers\Admin->__construct()
#2 C:\xampp\htdocs\dubai_app\system\CodeIgniter.php(403): CodeIgniter\CodeIgniter->createController()
#3 C:\xampp\htdocs\dubai_app\system\CodeIgniter.php(320): CodeIgniter\CodeIgniter->handleRequest(NULL, Object(Config\Cache), false)
#4 C:\xampp\htdocs\dubai_app\index.php(37): CodeIgniter\CodeIgniter->run()
#5 {main}
CRITICAL - 2022-02-11 03:51:34 --> Undefined variable: session
#0 C:\xampp\htdocs\dubai_app\app\Views\captian\captian.php(12): CodeIgniter\Debug\Exceptions->errorHandler(8, 'Undefined varia...', 'C:\\xampp\\htdocs...', 12, Array)
#1 C:\xampp\htdocs\dubai_app\system\View\View.php(210): include('C:\\xampp\\htdocs...')
#2 C:\xampp\htdocs\dubai_app\system\View\View.php(213): CodeIgniter\View\View->CodeIgniter\View\{closure}()
#3 C:\xampp\htdocs\dubai_app\system\Common.php(1089): CodeIgniter\View\View->render('captian/captian', Array, true)
#4 C:\xampp\htdocs\dubai_app\app\Controllers\Captian.php(23): view('captian/captian')
#5 C:\xampp\htdocs\dubai_app\system\CodeIgniter.php(825): App\Controllers\Captian->index()
#6 C:\xampp\htdocs\dubai_app\system\CodeIgniter.php(412): CodeIgniter\CodeIgniter->runController(Object(App\Controllers\Captian))
#7 C:\xampp\htdocs\dubai_app\system\CodeIgniter.php(320): CodeIgniter\CodeIgniter->handleRequest(NULL, Object(Config\Cache), false)
#8 C:\xampp\htdocs\dubai_app\index.php(37): CodeIgniter\CodeIgniter->run()
#9 {main}
CRITICAL - 2022-02-11 03:51:49 --> Undefined variable: session
#0 C:\xampp\htdocs\dubai_app\app\Views\captian\captian.php(12): CodeIgniter\Debug\Exceptions->errorHandler(8, 'Undefined varia...', 'C:\\xampp\\htdocs...', 12, Array)
#1 C:\xampp\htdocs\dubai_app\system\View\View.php(210): include('C:\\xampp\\htdocs...')
#2 C:\xampp\htdocs\dubai_app\system\View\View.php(213): CodeIgniter\View\View->CodeIgniter\View\{closure}()
#3 C:\xampp\htdocs\dubai_app\system\Common.php(1089): CodeIgniter\View\View->render('captian/captian', Array, true)
#4 C:\xampp\htdocs\dubai_app\app\Controllers\Captian.php(23): view('captian/captian')
#5 C:\xampp\htdocs\dubai_app\system\CodeIgniter.php(825): App\Controllers\Captian->index()
#6 C:\xampp\htdocs\dubai_app\system\CodeIgniter.php(412): CodeIgniter\CodeIgniter->runController(Object(App\Controllers\Captian))
#7 C:\xampp\htdocs\dubai_app\system\CodeIgniter.php(320): CodeIgniter\CodeIgniter->handleRequest(NULL, Object(Config\Cache), false)
#8 C:\xampp\htdocs\dubai_app\index.php(37): CodeIgniter\CodeIgniter->run()
#9 {main}
CRITICAL - 2022-02-11 03:51:50 --> Undefined variable: session
#0 C:\xampp\htdocs\dubai_app\app\Views\captian\captian.php(12): CodeIgniter\Debug\Exceptions->errorHandler(8, 'Undefined varia...', 'C:\\xampp\\htdocs...', 12, Array)
#1 C:\xampp\htdocs\dubai_app\system\View\View.php(210): include('C:\\xampp\\htdocs...')
#2 C:\xampp\htdocs\dubai_app\system\View\View.php(213): CodeIgniter\View\View->CodeIgniter\View\{closure}()
#3 C:\xampp\htdocs\dubai_app\system\Common.php(1089): CodeIgniter\View\View->render('captian/captian', Array, true)
#4 C:\xampp\htdocs\dubai_app\app\Controllers\Captian.php(23): view('captian/captian')
#5 C:\xampp\htdocs\dubai_app\system\CodeIgniter.php(825): App\Controllers\Captian->index()
#6 C:\xampp\htdocs\dubai_app\system\CodeIgniter.php(412): CodeIgniter\CodeIgniter->runController(Object(App\Controllers\Captian))
#7 C:\xampp\htdocs\dubai_app\system\CodeIgniter.php(320): CodeIgniter\CodeIgniter->handleRequest(NULL, Object(Config\Cache), false)
#8 C:\xampp\htdocs\dubai_app\index.php(37): CodeIgniter\CodeIgniter->run()
#9 {main}
CRITICAL - 2022-02-11 03:53:02 --> Call to undefined function uc_first()
#0 C:\xampp\htdocs\dubai_app\system\View\View.php(210): include()
#1 C:\xampp\htdocs\dubai_app\system\View\View.php(213): CodeIgniter\View\View->CodeIgniter\View\{closure}()
#2 C:\xampp\htdocs\dubai_app\system\Common.php(1089): CodeIgniter\View\View->render('captian/captian', Array, true)
#3 C:\xampp\htdocs\dubai_app\app\Controllers\Captian.php(23): view('captian/captian', Array)
#4 C:\xampp\htdocs\dubai_app\system\CodeIgniter.php(825): App\Controllers\Captian->index()
#5 C:\xampp\htdocs\dubai_app\system\CodeIgniter.php(412): CodeIgniter\CodeIgniter->runController(Object(App\Controllers\Captian))
#6 C:\xampp\htdocs\dubai_app\system\CodeIgniter.php(320): CodeIgniter\CodeIgniter->handleRequest(NULL, Object(Config\Cache), false)
#7 C:\xampp\htdocs\dubai_app\index.php(37): CodeIgniter\CodeIgniter->run()
#8 {main}
CRITICAL - 2022-02-11 03:53:12 --> Call to undefined function Uc_first()
#0 C:\xampp\htdocs\dubai_app\system\View\View.php(210): include()
#1 C:\xampp\htdocs\dubai_app\system\View\View.php(213): CodeIgniter\View\View->CodeIgniter\View\{closure}()
#2 C:\xampp\htdocs\dubai_app\system\Common.php(1089): CodeIgniter\View\View->render('captian/captian', Array, true)
#3 C:\xampp\htdocs\dubai_app\app\Controllers\Captian.php(23): view('captian/captian', Array)
#4 C:\xampp\htdocs\dubai_app\system\CodeIgniter.php(825): App\Controllers\Captian->index()
#5 C:\xampp\htdocs\dubai_app\system\CodeIgniter.php(412): CodeIgniter\CodeIgniter->runController(Object(App\Controllers\Captian))
#6 C:\xampp\htdocs\dubai_app\system\CodeIgniter.php(320): CodeIgniter\CodeIgniter->handleRequest(NULL, Object(Config\Cache), false)
#7 C:\xampp\htdocs\dubai_app\index.php(37): CodeIgniter\CodeIgniter->run()
#8 {main}
CRITICAL - 2022-02-11 03:54:16 --> Undefined variable: session
#0 C:\xampp\htdocs\dubai_app\app\Views\manager\manager.php(12): CodeIgniter\Debug\Exceptions->errorHandler(8, 'Undefined varia...', 'C:\\xampp\\htdocs...', 12, Array)
#1 C:\xampp\htdocs\dubai_app\system\View\View.php(210): include('C:\\xampp\\htdocs...')
#2 C:\xampp\htdocs\dubai_app\system\View\View.php(213): CodeIgniter\View\View->CodeIgniter\View\{closure}()
#3 C:\xampp\htdocs\dubai_app\system\Common.php(1089): CodeIgniter\View\View->render('manager/manager', Array, true)
#4 C:\xampp\htdocs\dubai_app\app\Controllers\Manager.php(23): view('manager/manager')
#5 C:\xampp\htdocs\dubai_app\system\CodeIgniter.php(825): App\Controllers\Manager->index()
#6 C:\xampp\htdocs\dubai_app\system\CodeIgniter.php(412): CodeIgniter\CodeIgniter->runController(Object(App\Controllers\Manager))
#7 C:\xampp\htdocs\dubai_app\system\CodeIgniter.php(320): CodeIgniter\CodeIgniter->handleRequest(NULL, Object(Config\Cache), false)
#8 C:\xampp\htdocs\dubai_app\index.php(37): CodeIgniter\CodeIgniter->run()
#9 {main}
CRITICAL - 2022-02-11 03:54:55 --> Undefined variable: session
#0 C:\xampp\htdocs\dubai_app\app\Views\manager\manager.php(12): CodeIgniter\Debug\Exceptions->errorHandler(8, 'Undefined varia...', 'C:\\xampp\\htdocs...', 12, Array)
#1 C:\xampp\htdocs\dubai_app\system\View\View.php(210): include('C:\\xampp\\htdocs...')
#2 C:\xampp\htdocs\dubai_app\system\View\View.php(213): CodeIgniter\View\View->CodeIgniter\View\{closure}()
#3 C:\xampp\htdocs\dubai_app\system\Common.php(1089): CodeIgniter\View\View->render('manager/manager', Array, true)
#4 C:\xampp\htdocs\dubai_app\app\Controllers\Manager.php(23): view('manager/manager')
#5 C:\xampp\htdocs\dubai_app\system\CodeIgniter.php(825): App\Controllers\Manager->index()
#6 C:\xampp\htdocs\dubai_app\system\CodeIgniter.php(412): CodeIgniter\CodeIgniter->runController(Object(App\Controllers\Manager))
#7 C:\xampp\htdocs\dubai_app\system\CodeIgniter.php(320): CodeIgniter\CodeIgniter->handleRequest(NULL, Object(Config\Cache), false)
#8 C:\xampp\htdocs\dubai_app\index.php(37): CodeIgniter\CodeIgniter->run()
#9 {main}
CRITICAL - 2022-02-11 04:01:51 --> Array to string conversion
#0 C:\xampp\htdocs\dubai_app\app\Views\backend\base.php(141): CodeIgniter\Debug\Exceptions->errorHandler(8, 'Array to string...', 'C:\\xampp\\htdocs...', 141, Array)
#1 C:\xampp\htdocs\dubai_app\system\View\View.php(210): include('C:\\xampp\\htdocs...')
#2 C:\xampp\htdocs\dubai_app\system\View\View.php(213): CodeIgniter\View\View->CodeIgniter\View\{closure}()
#3 C:\xampp\htdocs\dubai_app\system\View\View.php(226): CodeIgniter\View\View->render('backend/base', Array, true)
#4 C:\xampp\htdocs\dubai_app\system\Common.php(1089): CodeIgniter\View\View->render('admin/admin', Array, true)
#5 C:\xampp\htdocs\dubai_app\app\Controllers\Admin.php(23): view('admin/admin', Array)
#6 C:\xampp\htdocs\dubai_app\system\CodeIgniter.php(825): App\Controllers\Admin->index()
#7 C:\xampp\htdocs\dubai_app\system\CodeIgniter.php(412): CodeIgniter\CodeIgniter->runController(Object(App\Controllers\Admin))
#8 C:\xampp\htdocs\dubai_app\system\CodeIgniter.php(320): CodeIgniter\CodeIgniter->handleRequest(NULL, Object(Config\Cache), false)
#9 C:\xampp\htdocs\dubai_app\index.php(37): CodeIgniter\CodeIgniter->run()
#10 {main}
CRITICAL - 2022-02-11 04:23:02 --> Undefined index: name
#0 C:\xampp\htdocs\dubai_app\app\Views\admin\admin.php(12): CodeIgniter\Debug\Exceptions->errorHandler(8, 'Undefined index...', 'C:\\xampp\\htdocs...', 12, Array)
#1 C:\xampp\htdocs\dubai_app\system\View\View.php(210): include('C:\\xampp\\htdocs...')
#2 C:\xampp\htdocs\dubai_app\system\View\View.php(213): CodeIgniter\View\View->CodeIgniter\View\{closure}()
#3 C:\xampp\htdocs\dubai_app\system\Common.php(1089): CodeIgniter\View\View->render('admin/admin', Array, true)
#4 C:\xampp\htdocs\dubai_app\app\Controllers\Admin.php(23): view('admin/admin', Array)
#5 C:\xampp\htdocs\dubai_app\system\CodeIgniter.php(825): App\Controllers\Admin->index()
#6 C:\xampp\htdocs\dubai_app\system\CodeIgniter.php(412): CodeIgniter\CodeIgniter->runController(Object(App\Controllers\Admin))
#7 C:\xampp\htdocs\dubai_app\system\CodeIgniter.php(320): CodeIgniter\CodeIgniter->handleRequest(NULL, Object(Config\Cache), false)
#8 C:\xampp\htdocs\dubai_app\index.php(37): CodeIgniter\CodeIgniter->run()
#9 {main}
CRITICAL - 2022-02-11 04:23:05 --> Undefined index: name
#0 C:\xampp\htdocs\dubai_app\app\Views\admin\admin.php(12): CodeIgniter\Debug\Exceptions->errorHandler(8, 'Undefined index...', 'C:\\xampp\\htdocs...', 12, Array)
#1 C:\xampp\htdocs\dubai_app\system\View\View.php(210): include('C:\\xampp\\htdocs...')
#2 C:\xampp\htdocs\dubai_app\system\View\View.php(213): CodeIgniter\View\View->CodeIgniter\View\{closure}()
#3 C:\xampp\htdocs\dubai_app\system\Common.php(1089): CodeIgniter\View\View->render('admin/admin', Array, true)
#4 C:\xampp\htdocs\dubai_app\app\Controllers\Admin.php(23): view('admin/admin', Array)
#5 C:\xampp\htdocs\dubai_app\system\CodeIgniter.php(825): App\Controllers\Admin->index()
#6 C:\xampp\htdocs\dubai_app\system\CodeIgniter.php(412): CodeIgniter\CodeIgniter->runController(Object(App\Controllers\Admin))
#7 C:\xampp\htdocs\dubai_app\system\CodeIgniter.php(320): CodeIgniter\CodeIgniter->handleRequest(NULL, Object(Config\Cache), false)
#8 C:\xampp\htdocs\dubai_app\index.php(37): CodeIgniter\CodeIgniter->run()
#9 {main}
CRITICAL - 2022-02-11 04:23:23 --> Undefined index: name
#0 C:\xampp\htdocs\dubai_app\app\Views\admin\admin.php(12): CodeIgniter\Debug\Exceptions->errorHandler(8, 'Undefined index...', 'C:\\xampp\\htdocs...', 12, Array)
#1 C:\xampp\htdocs\dubai_app\system\View\View.php(210): include('C:\\xampp\\htdocs...')
#2 C:\xampp\htdocs\dubai_app\system\View\View.php(213): CodeIgniter\View\View->CodeIgniter\View\{closure}()
#3 C:\xampp\htdocs\dubai_app\system\Common.php(1089): CodeIgniter\View\View->render('admin/admin', Array, true)
#4 C:\xampp\htdocs\dubai_app\app\Controllers\Admin.php(23): view('admin/admin', Array)
#5 C:\xampp\htdocs\dubai_app\system\CodeIgniter.php(825): App\Controllers\Admin->index()
#6 C:\xampp\htdocs\dubai_app\system\CodeIgniter.php(412): CodeIgniter\CodeIgniter->runController(Object(App\Controllers\Admin))
#7 C:\xampp\htdocs\dubai_app\system\CodeIgniter.php(320): CodeIgniter\CodeIgniter->handleRequest(NULL, Object(Config\Cache), false)
#8 C:\xampp\htdocs\dubai_app\index.php(37): CodeIgniter\CodeIgniter->run()
#9 {main}
CRITICAL - 2022-02-11 04:25:42 --> Undefined index: name
#0 C:\xampp\htdocs\dubai_app\app\Views\captian\captian.php(12): CodeIgniter\Debug\Exceptions->errorHandler(8, 'Undefined index...', 'C:\\xampp\\htdocs...', 12, Array)
#1 C:\xampp\htdocs\dubai_app\system\View\View.php(210): include('C:\\xampp\\htdocs...')
#2 C:\xampp\htdocs\dubai_app\system\View\View.php(213): CodeIgniter\View\View->CodeIgniter\View\{closure}()
#3 C:\xampp\htdocs\dubai_app\system\Common.php(1089): CodeIgniter\View\View->render('captian/captian', Array, true)
#4 C:\xampp\htdocs\dubai_app\app\Controllers\Captian.php(23): view('captian/captian', Array)
#5 C:\xampp\htdocs\dubai_app\system\CodeIgniter.php(825): App\Controllers\Captian->index()
#6 C:\xampp\htdocs\dubai_app\system\CodeIgniter.php(412): CodeIgniter\CodeIgniter->runController(Object(App\Controllers\Captian))
#7 C:\xampp\htdocs\dubai_app\system\CodeIgniter.php(320): CodeIgniter\CodeIgniter->handleRequest(NULL, Object(Config\Cache), false)
#8 C:\xampp\htdocs\dubai_app\index.php(37): CodeIgniter\CodeIgniter->run()
#9 {main}
