CRITICAL - 2022-02-10 23:11:36 --> Invalid file: auth/login.php
#0 C:\xampp\htdocs\dubai_app\system\View\View.php(198): CodeIgniter\Exceptions\FrameworkException::forInvalidFile('auth/login.php')
#1 C:\xampp\htdocs\dubai_app\system\Common.php(1089): CodeIgniter\View\View->render('auth/login', Array, true)
#2 C:\xampp\htdocs\dubai_app\app\Controllers\Auth.php(9): view('auth/login')
#3 C:\xampp\htdocs\dubai_app\system\CodeIgniter.php(825): App\Controllers\Auth->index()
#4 C:\xampp\htdocs\dubai_app\system\CodeIgniter.php(412): CodeIgniter\CodeIgniter->runController(Object(App\Controllers\Auth))
#5 C:\xampp\htdocs\dubai_app\system\CodeIgniter.php(320): CodeIgniter\CodeIgniter->handleRequest(NULL, Object(Config\Cache), false)
#6 C:\xampp\htdocs\dubai_app\index.php(37): CodeIgniter\CodeIgniter->run()
#7 {main}
CRITICAL - 2022-02-10 23:35:48 --> Access level to App\Models\BaseModel::$db must be protected (as in class CodeIgniter\Model) or weaker
#0 [internal function]: CodeIgniter\Debug\Exceptions->shutdownHandler()
#1 {main}
CRITICAL - 2022-02-10 23:39:47 --> Access level to App\Models\BaseModel::$db must be protected (as in class CodeIgniter\Model) or weaker
#0 [internal function]: CodeIgniter\Debug\Exceptions->shutdownHandler()
#1 {main}
CRITICAL - 2022-02-10 23:39:48 --> Access level to App\Models\BaseModel::$db must be protected (as in class CodeIgniter\Model) or weaker
#0 [internal function]: CodeIgniter\Debug\Exceptions->shutdownHandler()
#1 {main}
CRITICAL - 2022-02-10 23:39:48 --> Access level to App\Models\BaseModel::$db must be protected (as in class CodeIgniter\Model) or weaker
#0 [internal function]: CodeIgniter\Debug\Exceptions->shutdownHandler()
#1 {main}
CRITICAL - 2022-02-10 23:39:48 --> Access level to App\Models\BaseModel::$db must be protected (as in class CodeIgniter\Model) or weaker
#0 [internal function]: CodeIgniter\Debug\Exceptions->shutdownHandler()
#1 {main}
CRITICAL - 2022-02-10 23:39:48 --> Access level to App\Models\BaseModel::$db must be protected (as in class CodeIgniter\Model) or weaker
#0 [internal function]: CodeIgniter\Debug\Exceptions->shutdownHandler()
#1 {main}
CRITICAL - 2022-02-10 23:39:48 --> Access level to App\Models\BaseModel::$db must be protected (as in class CodeIgniter\Model) or weaker
#0 [internal function]: CodeIgniter\Debug\Exceptions->shutdownHandler()
#1 {main}
CRITICAL - 2022-02-10 23:39:49 --> Access level to App\Models\BaseModel::$db must be protected (as in class CodeIgniter\Model) or weaker
#0 [internal function]: CodeIgniter\Debug\Exceptions->shutdownHandler()
#1 {main}
CRITICAL - 2022-02-10 23:39:49 --> Access level to App\Models\BaseModel::$db must be protected (as in class CodeIgniter\Model) or weaker
#0 [internal function]: CodeIgniter\Debug\Exceptions->shutdownHandler()
#1 {main}
CRITICAL - 2022-02-10 23:39:49 --> Access level to App\Models\BaseModel::$db must be protected (as in class CodeIgniter\Model) or weaker
#0 [internal function]: CodeIgniter\Debug\Exceptions->shutdownHandler()
#1 {main}
CRITICAL - 2022-02-10 23:39:49 --> Access level to App\Models\BaseModel::$db must be protected (as in class CodeIgniter\Model) or weaker
#0 [internal function]: CodeIgniter\Debug\Exceptions->shutdownHandler()
#1 {main}
CRITICAL - 2022-02-10 23:39:49 --> Access level to App\Models\BaseModel::$db must be protected (as in class CodeIgniter\Model) or weaker
#0 [internal function]: CodeIgniter\Debug\Exceptions->shutdownHandler()
#1 {main}
CRITICAL - 2022-02-10 23:39:49 --> Access level to App\Models\BaseModel::$db must be protected (as in class CodeIgniter\Model) or weaker
#0 [internal function]: CodeIgniter\Debug\Exceptions->shutdownHandler()
#1 {main}
CRITICAL - 2022-02-10 23:39:50 --> Access level to App\Models\BaseModel::$db must be protected (as in class CodeIgniter\Model) or weaker
#0 [internal function]: CodeIgniter\Debug\Exceptions->shutdownHandler()
#1 {main}
CRITICAL - 2022-02-10 23:39:50 --> Access level to App\Models\BaseModel::$db must be protected (as in class CodeIgniter\Model) or weaker
#0 [internal function]: CodeIgniter\Debug\Exceptions->shutdownHandler()
#1 {main}
CRITICAL - 2022-02-10 23:40:12 --> Cannot access parent:: when current class scope has no parent
#0 C:\xampp\htdocs\dubai_app\app\Controllers\Auth.php(15): App\Models\BaseModel->__construct()
#1 C:\xampp\htdocs\dubai_app\system\CodeIgniter.php(802): App\Controllers\Auth->__construct()
#2 C:\xampp\htdocs\dubai_app\system\CodeIgniter.php(403): CodeIgniter\CodeIgniter->createController()
#3 C:\xampp\htdocs\dubai_app\system\CodeIgniter.php(320): CodeIgniter\CodeIgniter->handleRequest(NULL, Object(Config\Cache), false)
#4 C:\xampp\htdocs\dubai_app\index.php(37): CodeIgniter\CodeIgniter->run()
#5 {main}
CRITICAL - 2022-02-10 23:42:20 --> Class 'App\Models\BaseModel' not found
#0 C:\xampp\htdocs\dubai_app\system\CodeIgniter.php(802): App\Controllers\Auth->__construct()
#1 C:\xampp\htdocs\dubai_app\system\CodeIgniter.php(403): CodeIgniter\CodeIgniter->createController()
#2 C:\xampp\htdocs\dubai_app\system\CodeIgniter.php(320): CodeIgniter\CodeIgniter->handleRequest(NULL, Object(Config\Cache), false)
#3 C:\xampp\htdocs\dubai_app\index.php(37): CodeIgniter\CodeIgniter->run()
#4 {main}
